<?xml version="1.0" encoding="UTF-8"?>
<testng-results ignored="0" total="1" passed="1" failed="0" skipped="0">
  <reporter-output>
  </reporter-output>
  <suite started-at="2021-05-02T06:11:02Z" name="Default suite" finished-at="2021-05-02T06:11:04Z" duration-ms="2473">
    <groups>
    </groups>
    <test started-at="2021-05-02T06:11:02Z" name="Default test" finished-at="2021-05-02T06:11:04Z" duration-ms="2473">
      <class name="com.api.testScripts.FetchAllUsersTest">
        <test-method is-config="true" signature="configBS()[pri:0, instance:com.api.testScripts.FetchAllUsersTest@421e361]" started-at="2021-05-02T06:11:01Z" name="configBS" finished-at="2021-05-02T06:11:02Z" duration-ms="1212" status="PASS">
          <reporter-output>
          </reporter-output>
        </test-method> <!-- configBS -->
        <test-method signature="getAllUsers()[pri:0, instance:com.api.testScripts.FetchAllUsersTest@421e361]" started-at="2021-05-02T06:11:02Z" name="getAllUsers" finished-at="2021-05-02T06:11:04Z" duration-ms="2405" status="PASS">
          <reporter-output>
          </reporter-output>
        </test-method> <!-- getAllUsers -->
      </class> <!-- com.api.testScripts.FetchAllUsersTest -->
    </test> <!-- Default test -->
  </suite> <!-- Default suite -->
</testng-results>
